["INFO" - 12:16:31 PM] Extension Name: esbenp.prettier-vscode.
["INFO" - 12:16:31 PM] Extension Version: 5.7.1.
["INFO" - 12:16:31 PM] Enabling prettier for languages: ansible, css, graphql, home-assistant, html, javascript, javascriptreact, json, json5, jsonc, less, markdown, mdx, mongo, postcss, scss, typescript, typescriptreact, vue, yaml
["INFO" - 12:16:31 PM] Enabling prettier for file extensions: .JSON-tmLanguage, ._js, .avsc, .bones, .cjs, .component.html, .css, .es, .es6, .frag, .geojson, .gltf, .gql, .graphql, .graphqls, .gs, .har, .htm, .html, .html.hl, .ice, .inc, .jake, .js, .js.flow, .jsb, .jscad, .jsfl, .jsm, .json, .json5, .jsonc, .jsonl, .jss, .jsx, .less, .markdown, .mcmeta, .md, .mdown, .mdwn, .mdx, .mir, .mjml, .mjs, .mkd, .mkdn, .mkdown, .njs, .pac, .pcss, .postcss, .reek, .ronn, .rviz, .scss, .sjs, .ssjs, .st, .sublime-build, .sublime-commands, .sublime-completions, .sublime-keymap, .sublime-macro, .sublime-menu, .sublime-mousemap, .sublime-project, .sublime-settings, .sublime-syntax, .sublime-theme, .sublime-workspace, .sublime_metrics, .sublime_session, .syntax, .tfstate, .tfstate.backup, .topojson, .ts, .tsx, .vue, .webapp, .webmanifest, .workbook, .xht, .xhtml, .xsjs, .xsjslib, .yaml, .yaml-tmlanguage, .yaml.sed, .yml, .yml.mysql, .yy, .yyp
["INFO" - 12:16:31 PM] Enabling prettier for range supported languages: graphql, javascript, javascriptreact, json, typescript, typescriptreact
["INFO" - 12:29:53 PM] Enabling prettier for languages: ansible, css, graphql, home-assistant, html, javascript, javascriptreact, json, json5, jsonc, less, markdown, mdx, mongo, postcss, scss, typescript, typescriptreact, vue, yaml
["INFO" - 12:29:53 PM] Enabling prettier for file extensions: .JSON-tmLanguage, ._js, .avsc, .bones, .cjs, .component.html, .css, .es, .es6, .frag, .geojson, .gltf, .gql, .graphql, .graphqls, .gs, .har, .htm, .html, .html.hl, .ice, .inc, .jake, .js, .js.flow, .jsb, .jscad, .jsfl, .jsm, .json, .json5, .jsonc, .jsonl, .jss, .jsx, .less, .markdown, .mcmeta, .md, .mdown, .mdwn, .mdx, .mir, .mjml, .mjs, .mkd, .mkdn, .mkdown, .njs, .pac, .pcss, .postcss, .reek, .ronn, .rviz, .scss, .sjs, .ssjs, .st, .sublime-build, .sublime-commands, .sublime-completions, .sublime-keymap, .sublime-macro, .sublime-menu, .sublime-mousemap, .sublime-project, .sublime-settings, .sublime-syntax, .sublime-theme, .sublime-workspace, .sublime_metrics, .sublime_session, .syntax, .tfstate, .tfstate.backup, .topojson, .ts, .tsx, .vue, .webapp, .webmanifest, .workbook, .xht, .xhtml, .xsjs, .xsjslib, .yaml, .yaml-tmlanguage, .yaml.sed, .yml, .yml.mysql, .yy, .yyp
["INFO" - 12:29:53 PM] Enabling prettier for range supported languages: graphql, javascript, javascriptreact, json, typescript, typescriptreact
["INFO" - 12:29:53 PM] Enabling prettier for languages: ansible, css, graphql, home-assistant, html, javascript, javascriptreact, json, json5, jsonc, less, markdown, mdx, mongo, postcss, scss, typescript, typescriptreact, vue, yaml
["INFO" - 12:29:53 PM] Enabling prettier for file extensions: .JSON-tmLanguage, ._js, .avsc, .bones, .cjs, .component.html, .css, .es, .es6, .frag, .geojson, .gltf, .gql, .graphql, .graphqls, .gs, .har, .htm, .html, .html.hl, .ice, .inc, .jake, .js, .js.flow, .jsb, .jscad, .jsfl, .jsm, .json, .json5, .jsonc, .jsonl, .jss, .jsx, .less, .markdown, .mcmeta, .md, .mdown, .mdwn, .mdx, .mir, .mjml, .mjs, .mkd, .mkdn, .mkdown, .njs, .pac, .pcss, .postcss, .reek, .ronn, .rviz, .scss, .sjs, .ssjs, .st, .sublime-build, .sublime-commands, .sublime-completions, .sublime-keymap, .sublime-macro, .sublime-menu, .sublime-mousemap, .sublime-project, .sublime-settings, .sublime-syntax, .sublime-theme, .sublime-workspace, .sublime_metrics, .sublime_session, .syntax, .tfstate, .tfstate.backup, .topojson, .ts, .tsx, .vue, .webapp, .webmanifest, .workbook, .xht, .xhtml, .xsjs, .xsjslib, .yaml, .yaml-tmlanguage, .yaml.sed, .yml, .yml.mysql, .yy, .yyp
["INFO" - 12:29:53 PM] Enabling prettier for range supported languages: graphql, javascript, javascriptreact, json, typescript, typescriptreact
["INFO" - 12:31:45 PM] Enabling prettier for languages: ansible, css, graphql, home-assistant, html, javascript, javascriptreact, json, json5, jsonc, less, markdown, mdx, mongo, postcss, scss, typescript, typescriptreact, vue, yaml
["INFO" - 12:31:45 PM] Enabling prettier for file extensions: .JSON-tmLanguage, ._js, .avsc, .bones, .cjs, .component.html, .css, .es, .es6, .frag, .geojson, .gltf, .gql, .graphql, .graphqls, .gs, .har, .htm, .html, .html.hl, .ice, .inc, .jake, .js, .js.flow, .jsb, .jscad, .jsfl, .jsm, .json, .json5, .jsonc, .jsonl, .jss, .jsx, .less, .markdown, .mcmeta, .md, .mdown, .mdwn, .mdx, .mir, .mjml, .mjs, .mkd, .mkdn, .mkdown, .njs, .pac, .pcss, .postcss, .reek, .ronn, .rviz, .scss, .sjs, .ssjs, .st, .sublime-build, .sublime-commands, .sublime-completions, .sublime-keymap, .sublime-macro, .sublime-menu, .sublime-mousemap, .sublime-project, .sublime-settings, .sublime-syntax, .sublime-theme, .sublime-workspace, .sublime_metrics, .sublime_session, .syntax, .tfstate, .tfstate.backup, .topojson, .ts, .tsx, .vue, .webapp, .webmanifest, .workbook, .xht, .xhtml, .xsjs, .xsjslib, .yaml, .yaml-tmlanguage, .yaml.sed, .yml, .yml.mysql, .yy, .yyp
["INFO" - 12:31:45 PM] Enabling prettier for range supported languages: graphql, javascript, javascriptreact, json, typescript, typescriptreact
["INFO" - 12:31:45 PM] Enabling prettier for languages: ansible, css, graphql, home-assistant, html, javascript, javascriptreact, json, json5, jsonc, less, markdown, mdx, mongo, postcss, scss, typescript, typescriptreact, vue, yaml
["INFO" - 12:31:45 PM] Enabling prettier for file extensions: .JSON-tmLanguage, ._js, .avsc, .bones, .cjs, .component.html, .css, .es, .es6, .frag, .geojson, .gltf, .gql, .graphql, .graphqls, .gs, .har, .htm, .html, .html.hl, .ice, .inc, .jake, .js, .js.flow, .jsb, .jscad, .jsfl, .jsm, .json, .json5, .jsonc, .jsonl, .jss, .jsx, .less, .markdown, .mcmeta, .md, .mdown, .mdwn, .mdx, .mir, .mjml, .mjs, .mkd, .mkdn, .mkdown, .njs, .pac, .pcss, .postcss, .reek, .ronn, .rviz, .scss, .sjs, .ssjs, .st, .sublime-build, .sublime-commands, .sublime-completions, .sublime-keymap, .sublime-macro, .sublime-menu, .sublime-mousemap, .sublime-project, .sublime-settings, .sublime-syntax, .sublime-theme, .sublime-workspace, .sublime_metrics, .sublime_session, .syntax, .tfstate, .tfstate.backup, .topojson, .ts, .tsx, .vue, .webapp, .webmanifest, .workbook, .xht, .xhtml, .xsjs, .xsjslib, .yaml, .yaml-tmlanguage, .yaml.sed, .yml, .yml.mysql, .yy, .yyp
["INFO" - 12:31:45 PM] Enabling prettier for range supported languages: graphql, javascript, javascriptreact, json, typescript, typescriptreact
["INFO" - 12:35:08 PM] Formatting /home/monaam/Desktop/app-graphQL/client/src/pages/Home.js
["INFO" - 12:35:08 PM] Using ignore file (if present) at /home/monaam/Desktop/app-graphQL/.prettierignore
["INFO" - 12:35:08 PM] Using bundled version of prettier.
["INFO" - 12:35:08 PM] File Info:
{
  "ignored": false,
  "inferredParser": "babel"
}
["INFO" - 12:35:08 PM] No local configuration (i.e. .prettierrc or .editorconfig) detected, falling back to VS Code configuration
["INFO" - 12:35:08 PM] Prettier Options:
{
  "arrowParens": "always",
  "bracketSpacing": true,
  "endOfLine": "lf",
  "htmlWhitespaceSensitivity": "css",
  "insertPragma": false,
  "jsxBracketSameLine": false,
  "jsxSingleQuote": false,
  "printWidth": 80,
  "proseWrap": "preserve",
  "quoteProps": "as-needed",
  "requirePragma": false,
  "semi": true,
  "singleQuote": false,
  "tabWidth": 2,
  "trailingComma": "es5",
  "useTabs": false,
  "vueIndentScriptAndStyle": false,
  "filepath": "/home/monaam/Desktop/app-graphQL/client/src/pages/Home.js",
  "parser": "babel"
}
["INFO" - 12:35:08 PM] Formatting completed in 110.236048ms.
["INFO" - 12:38:18 PM] Formatting /home/monaam/Desktop/app-graphQL/client/src/pages/Home.js
["INFO" - 12:38:18 PM] Using ignore file (if present) at /home/monaam/Desktop/app-graphQL/.prettierignore
["INFO" - 12:38:18 PM] Using bundled version of prettier.
["INFO" - 12:38:18 PM] File Info:
{
  "ignored": false,
  "inferredParser": "babel"
}
["INFO" - 12:38:18 PM] No local configuration (i.e. .prettierrc or .editorconfig) detected, falling back to VS Code configuration
["INFO" - 12:38:18 PM] Prettier Options:
{
  "arrowParens": "always",
  "bracketSpacing": true,
  "endOfLine": "lf",
  "htmlWhitespaceSensitivity": "css",
  "insertPragma": false,
  "jsxBracketSameLine": false,
  "jsxSingleQuote": false,
  "printWidth": 80,
  "proseWrap": "preserve",
  "quoteProps": "as-needed",
  "requirePragma": false,
  "semi": true,
  "singleQuote": false,
  "tabWidth": 2,
  "trailingComma": "es5",
  "useTabs": false,
  "vueIndentScriptAndStyle": false,
  "filepath": "/home/monaam/Desktop/app-graphQL/client/src/pages/Home.js",
  "parser": "babel"
}
["INFO" - 12:38:18 PM] Formatting completed in 35.787888ms.
["INFO" - 12:38:49 PM] Formatting /home/monaam/Desktop/app-graphQL/client/src/pages/Home.js
["INFO" - 12:38:49 PM] Using ignore file (if present) at /home/monaam/Desktop/app-graphQL/.prettierignore
["INFO" - 12:38:49 PM] Using bundled version of prettier.
["INFO" - 12:38:49 PM] File Info:
{
  "ignored": false,
  "inferredParser": "babel"
}
["INFO" - 12:38:49 PM] No local configuration (i.e. .prettierrc or .editorconfig) detected, falling back to VS Code configuration
["INFO" - 12:38:49 PM] Prettier Options:
{
  "arrowParens": "always",
  "bracketSpacing": true,
  "endOfLine": "lf",
  "htmlWhitespaceSensitivity": "css",
  "insertPragma": false,
  "jsxBracketSameLine": false,
  "jsxSingleQuote": false,
  "printWidth": 80,
  "proseWrap": "preserve",
  "quoteProps": "as-needed",
  "requirePragma": false,
  "semi": true,
  "singleQuote": false,
  "tabWidth": 2,
  "trailingComma": "es5",
  "useTabs": false,
  "vueIndentScriptAndStyle": false,
  "filepath": "/home/monaam/Desktop/app-graphQL/client/src/pages/Home.js",
  "parser": "babel"
}
["INFO" - 12:38:49 PM] Formatting completed in 26.85758ms.
["INFO" - 12:54:41 PM] Formatting /home/monaam/Desktop/app-graphQL/client/src/pages/Home.js
["INFO" - 12:54:41 PM] Using ignore file (if present) at /home/monaam/Desktop/app-graphQL/.prettierignore
["INFO" - 12:54:41 PM] Using bundled version of prettier.
["INFO" - 12:54:41 PM] File Info:
{
  "ignored": false,
  "inferredParser": "babel"
}
["INFO" - 12:54:41 PM] No local configuration (i.e. .prettierrc or .editorconfig) detected, falling back to VS Code configuration
["INFO" - 12:54:41 PM] Prettier Options:
{
  "arrowParens": "always",
  "bracketSpacing": true,
  "endOfLine": "lf",
  "htmlWhitespaceSensitivity": "css",
  "insertPragma": false,
  "jsxBracketSameLine": false,
  "jsxSingleQuote": false,
  "printWidth": 80,
  "proseWrap": "preserve",
  "quoteProps": "as-needed",
  "requirePragma": false,
  "semi": true,
  "singleQuote": false,
  "tabWidth": 2,
  "trailingComma": "es5",
  "useTabs": false,
  "vueIndentScriptAndStyle": false,
  "filepath": "/home/monaam/Desktop/app-graphQL/client/src/pages/Home.js",
  "parser": "babel"
}
["INFO" - 12:54:41 PM] Formatting completed in 69.099158ms.
["INFO" - 12:58:04 PM] Formatting /home/monaam/Desktop/app-graphQL/client/src/pages/Home.js
["INFO" - 12:58:04 PM] Using ignore file (if present) at /home/monaam/Desktop/app-graphQL/.prettierignore
["INFO" - 12:58:04 PM] Using bundled version of prettier.
["INFO" - 12:58:04 PM] File Info:
{
  "ignored": false,
  "inferredParser": "babel"
}
["INFO" - 12:58:04 PM] No local configuration (i.e. .prettierrc or .editorconfig) detected, falling back to VS Code configuration
["INFO" - 12:58:04 PM] Prettier Options:
{
  "arrowParens": "always",
  "bracketSpacing": true,
  "endOfLine": "lf",
  "htmlWhitespaceSensitivity": "css",
  "insertPragma": false,
  "jsxBracketSameLine": false,
  "jsxSingleQuote": false,
  "printWidth": 80,
  "proseWrap": "preserve",
  "quoteProps": "as-needed",
  "requirePragma": false,
  "semi": true,
  "singleQuote": false,
  "tabWidth": 2,
  "trailingComma": "es5",
  "useTabs": false,
  "vueIndentScriptAndStyle": false,
  "filepath": "/home/monaam/Desktop/app-graphQL/client/src/pages/Home.js",
  "parser": "babel"
}
["INFO" - 12:58:04 PM] Formatting completed in 35.766162ms.
["INFO" - 1:10:48 PM] Formatting /home/monaam/Desktop/app-graphQL/client/src/pages/PostCard.js
["INFO" - 1:10:48 PM] Using ignore file (if present) at /home/monaam/Desktop/app-graphQL/.prettierignore
["INFO" - 1:10:48 PM] Using bundled version of prettier.
["INFO" - 1:10:48 PM] File Info:
{
  "ignored": false,
  "inferredParser": "babel"
}
["INFO" - 1:10:48 PM] No local configuration (i.e. .prettierrc or .editorconfig) detected, falling back to VS Code configuration
["INFO" - 1:10:48 PM] Prettier Options:
{
  "arrowParens": "always",
  "bracketSpacing": true,
  "endOfLine": "lf",
  "htmlWhitespaceSensitivity": "css",
  "insertPragma": false,
  "jsxBracketSameLine": false,
  "jsxSingleQuote": false,
  "printWidth": 80,
  "proseWrap": "preserve",
  "quoteProps": "as-needed",
  "requirePragma": false,
  "semi": true,
  "singleQuote": false,
  "tabWidth": 2,
  "trailingComma": "es5",
  "useTabs": false,
  "vueIndentScriptAndStyle": false,
  "filepath": "/home/monaam/Desktop/app-graphQL/client/src/pages/PostCard.js",
  "parser": "babel"
}
["INFO" - 1:10:48 PM] Formatting completed in 31.00185ms.
["INFO" - 1:15:56 PM] Formatting /home/monaam/Desktop/app-graphQL/client/src/pages/PostCard.js
["INFO" - 1:15:56 PM] Using ignore file (if present) at /home/monaam/Desktop/app-graphQL/.prettierignore
["INFO" - 1:15:56 PM] Using bundled version of prettier.
["INFO" - 1:15:56 PM] File Info:
{
  "ignored": false,
  "inferredParser": "babel"
}
["INFO" - 1:15:56 PM] No local configuration (i.e. .prettierrc or .editorconfig) detected, falling back to VS Code configuration
["INFO" - 1:15:56 PM] Prettier Options:
{
  "arrowParens": "always",
  "bracketSpacing": true,
  "endOfLine": "lf",
  "htmlWhitespaceSensitivity": "css",
  "insertPragma": false,
  "jsxBracketSameLine": false,
  "jsxSingleQuote": false,
  "printWidth": 80,
  "proseWrap": "preserve",
  "quoteProps": "as-needed",
  "requirePragma": false,
  "semi": true,
  "singleQuote": false,
  "tabWidth": 2,
  "trailingComma": "es5",
  "useTabs": false,
  "vueIndentScriptAndStyle": false,
  "filepath": "/home/monaam/Desktop/app-graphQL/client/src/pages/PostCard.js",
  "parser": "babel"
}
["INFO" - 1:15:56 PM] Formatting completed in 34.228156ms.
["INFO" - 1:17:12 PM] Enabling prettier for languages: ansible, css, graphql, home-assistant, html, javascript, javascriptreact, json, json5, jsonc, less, markdown, mdx, mongo, postcss, scss, typescript, typescriptreact, vue, yaml
["INFO" - 1:17:12 PM] Enabling prettier for file extensions: .JSON-tmLanguage, ._js, .avsc, .bones, .cjs, .component.html, .css, .es, .es6, .frag, .geojson, .gltf, .gql, .graphql, .graphqls, .gs, .har, .htm, .html, .html.hl, .ice, .inc, .jake, .js, .js.flow, .jsb, .jscad, .jsfl, .jsm, .json, .json5, .jsonc, .jsonl, .jss, .jsx, .less, .markdown, .mcmeta, .md, .mdown, .mdwn, .mdx, .mir, .mjml, .mjs, .mkd, .mkdn, .mkdown, .njs, .pac, .pcss, .postcss, .reek, .ronn, .rviz, .scss, .sjs, .ssjs, .st, .sublime-build, .sublime-commands, .sublime-completions, .sublime-keymap, .sublime-macro, .sublime-menu, .sublime-mousemap, .sublime-project, .sublime-settings, .sublime-syntax, .sublime-theme, .sublime-workspace, .sublime_metrics, .sublime_session, .syntax, .tfstate, .tfstate.backup, .topojson, .ts, .tsx, .vue, .webapp, .webmanifest, .workbook, .xht, .xhtml, .xsjs, .xsjslib, .yaml, .yaml-tmlanguage, .yaml.sed, .yml, .yml.mysql, .yy, .yyp
["INFO" - 1:17:12 PM] Enabling prettier for range supported languages: graphql, javascript, javascriptreact, json, typescript, typescriptreact
["INFO" - 1:17:12 PM] Enabling prettier for languages: ansible, css, graphql, home-assistant, html, javascript, javascriptreact, json, json5, jsonc, less, markdown, mdx, mongo, postcss, scss, typescript, typescriptreact, vue, yaml
["INFO" - 1:17:12 PM] Enabling prettier for file extensions: .JSON-tmLanguage, ._js, .avsc, .bones, .cjs, .component.html, .css, .es, .es6, .frag, .geojson, .gltf, .gql, .graphql, .graphqls, .gs, .har, .htm, .html, .html.hl, .ice, .inc, .jake, .js, .js.flow, .jsb, .jscad, .jsfl, .jsm, .json, .json5, .jsonc, .jsonl, .jss, .jsx, .less, .markdown, .mcmeta, .md, .mdown, .mdwn, .mdx, .mir, .mjml, .mjs, .mkd, .mkdn, .mkdown, .njs, .pac, .pcss, .postcss, .reek, .ronn, .rviz, .scss, .sjs, .ssjs, .st, .sublime-build, .sublime-commands, .sublime-completions, .sublime-keymap, .sublime-macro, .sublime-menu, .sublime-mousemap, .sublime-project, .sublime-settings, .sublime-syntax, .sublime-theme, .sublime-workspace, .sublime_metrics, .sublime_session, .syntax, .tfstate, .tfstate.backup, .topojson, .ts, .tsx, .vue, .webapp, .webmanifest, .workbook, .xht, .xhtml, .xsjs, .xsjslib, .yaml, .yaml-tmlanguage, .yaml.sed, .yml, .yml.mysql, .yy, .yyp
["INFO" - 1:17:12 PM] Enabling prettier for range supported languages: graphql, javascript, javascriptreact, json, typescript, typescriptreact
["INFO" - 1:18:52 PM] Formatting /home/monaam/Desktop/app-graphQL/client/src/pages/PostCard.js
["INFO" - 1:18:52 PM] Using ignore file (if present) at /home/monaam/Desktop/app-graphQL/.prettierignore
["INFO" - 1:18:52 PM] Using bundled version of prettier.
["INFO" - 1:18:52 PM] File Info:
{
  "ignored": false,
  "inferredParser": "babel"
}
["INFO" - 1:18:53 PM] No local configuration (i.e. .prettierrc or .editorconfig) detected, falling back to VS Code configuration
["INFO" - 1:18:53 PM] Prettier Options:
{
  "arrowParens": "always",
  "bracketSpacing": true,
  "endOfLine": "lf",
  "htmlWhitespaceSensitivity": "css",
  "insertPragma": false,
  "jsxBracketSameLine": false,
  "jsxSingleQuote": false,
  "printWidth": 80,
  "proseWrap": "preserve",
  "quoteProps": "as-needed",
  "requirePragma": false,
  "semi": true,
  "singleQuote": false,
  "tabWidth": 2,
  "trailingComma": "es5",
  "useTabs": false,
  "vueIndentScriptAndStyle": false,
  "filepath": "/home/monaam/Desktop/app-graphQL/client/src/pages/PostCard.js",
  "parser": "babel"
}
["INFO" - 1:18:53 PM] Formatting completed in 48.037594ms.
